<?xml version="1.0" encoding="UTF-8"?>
<!-- Generated by org.testng.reporters.JUnitXMLReporter -->
<testsuite ignored="0" hostname="Sammed0007" failures="0" tests="5" name="Chrome Test" time="20.798" errors="0" timestamp="2025-08-03T20:39:32 IST">
  <testcase classname="testcases.LoginTest" name="loginTest" time="3.263"/>
  <testcase classname="testcases.LoginTest" name="loginTest" time="2.527"/>
  <testcase classname="testcases.LoginTest" name="loginTest" time="1.112"/>
  <testcase classname="testcases.LoginTest" name="loginTest" time="1.35"/>
  <testcase classname="testcases.LoginTest" name="loginTest" time="1.699"/>
</testsuite> <!-- Chrome Test -->
