<?xml version="1.0" encoding="UTF-8"?>
<!-- Generated by org.testng.reporters.JUnitXMLReporter -->
<testsuite ignored="0" hostname="Sammed0007" failures="0" tests="6" name="Firefox Test" time="34.978" errors="0" timestamp="2025-08-03T16:17:01 IST">
  <testcase classname="testcases.LoginTest" name="loginTest" time="2.604"/>
  <testcase classname="testcases.LoginTest" name="loginTest" time="1.326"/>
  <testcase classname="testcases.LoginTest" name="loginTest" time="1.625"/>
  <testcase classname="testcases.LoginTest" name="loginTest" time="1.414"/>
  <testcase classname="testcases.LoginTest" name="loginTest" time="0.722"/>
  <testcase classname="testcases.RegisterTest" name="registerNewUserTest" time="2.262"/>
</testsuite> <!-- Firefox Test -->
