<?xml version="1.0" encoding="UTF-8"?>
<!-- Generated by org.testng.reporters.JUnitXMLReporter -->
<testsuite ignored="0" hostname="Sammed0007" failures="2" tests="7" name="LoginOnly" time="65.195" errors="0" timestamp="2025-07-21T16:01:07 IST">
  <testcase classname="testcases.LoginTest" name="loginTest" time="7.066"/>
  <testcase classname="testcases.LoginTest" name="loginTest" time="10.233">
    <failure type="java.lang.AssertionError" message="Login page is not loaded. expected [true] but found [false]">
      <![CDATA[java.lang.AssertionError: Login page is not loaded. expected [true] but found [false]
at testcases.LoginTest.loginTest(LoginTest.java:25)
at java.base/java.util.ArrayList.forEach(ArrayList.java:1597)
... Removed 28 stack frames]]>
    </failure>
  </testcase> <!-- loginTest -->
  <testcase classname="testcases.LoginTest" name="loginTest" time="2.06"/>
  <testcase classname="testcases.LoginTest" name="loginTest" time="1.845"/>
  <testcase classname="testcases.LoginTest" name="loginTest" time="11.291">
    <failure type="java.lang.AssertionError" message="Expected error for invalid credentials or email format expected [true] but found [false]">
      <![CDATA[java.lang.AssertionError: Expected error for invalid credentials or email format expected [true] but found [false]
at testcases.LoginTest.loginTest(LoginTest.java:43)
at java.base/java.util.ArrayList.forEach(ArrayList.java:1597)
... Removed 28 stack frames]]>
    </failure>
  </testcase> <!-- loginTest -->
  <testcase classname="testcases.LoginTest" name="loginTest" time="1.767"/>
  <testcase classname="testcases.RegisterTest" name="registerNewUserTest" time="13.294"/>
</testsuite> <!-- LoginOnly -->
