<?xml version="1.0" encoding="UTF-8"?>
<!-- Generated by org.testng.reporters.JUnitXMLReporter -->
<testsuite ignored="0" hostname="Sammed0007" failures="5" tests="7" name="QuickKartTests" time="58.583" errors="0" timestamp="2025-07-23T19:17:47 IST">
  <testcase classname="testcases.RegisterTest" name="registerNewUserTest" time="2.871"/>
  <testcase classname="testcases.LoginTest" name="loginTest" time="4.565"/>
  <testcase classname="testcases.LoginTest" name="loginTest" time="10.239">
    <failure type="java.lang.AssertionError" message="Login page is not loaded. expected [true] but found [false]">
      <![CDATA[java.lang.AssertionError: Login page is not loaded. expected [true] but found [false]
at testcases.LoginTest.loginTest(LoginTest.java:25)
at java.base/java.util.ArrayList.forEach(ArrayList.java:1597)
... Removed 28 stack frames]]>
    </failure>
  </testcase> <!-- loginTest -->
  <testcase classname="testcases.LoginTest" name="loginTest" time="2.047">
    <failure type="java.lang.AssertionError" message="Expected vs Actual error message mismatch! expected [true] but found [false]">
      <![CDATA[java.lang.AssertionError: Expected vs Actual error message mismatch! expected [true] but found [false]
at testcases.LoginTest.loginTest(LoginTest.java:58)
at java.base/java.util.ArrayList.forEach(ArrayList.java:1597)
... Removed 28 stack frames]]>
    </failure>
  </testcase> <!-- loginTest -->
  <testcase classname="testcases.LoginTest" name="loginTest" time="1.735">
    <failure type="java.lang.AssertionError" message="Expected vs Actual error message mismatch! expected [true] but found [false]">
      <![CDATA[java.lang.AssertionError: Expected vs Actual error message mismatch! expected [true] but found [false]
at testcases.LoginTest.loginTest(LoginTest.java:58)
at java.base/java.util.ArrayList.forEach(ArrayList.java:1597)
... Removed 28 stack frames]]>
    </failure>
  </testcase> <!-- loginTest -->
  <testcase classname="testcases.LoginTest" name="loginTest" time="11.452">
    <failure type="java.lang.AssertionError" message="Expected vs Actual error message mismatch! expected [true] but found [false]">
      <![CDATA[java.lang.AssertionError: Expected vs Actual error message mismatch! expected [true] but found [false]
at testcases.LoginTest.loginTest(LoginTest.java:58)
at java.base/java.util.ArrayList.forEach(ArrayList.java:1597)
... Removed 28 stack frames]]>
    </failure>
  </testcase> <!-- loginTest -->
  <testcase classname="testcases.LoginTest" name="loginTest" time="1.645">
    <failure type="java.lang.AssertionError" message="Expected vs Actual error message mismatch! expected [true] but found [false]">
      <![CDATA[java.lang.AssertionError: Expected vs Actual error message mismatch! expected [true] but found [false]
at testcases.LoginTest.loginTest(LoginTest.java:58)
at java.base/java.util.ArrayList.forEach(ArrayList.java:1597)
... Removed 28 stack frames]]>
    </failure>
  </testcase> <!-- loginTest -->
</testsuite> <!-- QuickKartTests -->
