<?xml version="1.0" encoding="UTF-8"?>
<!-- Generated by org.testng.reporters.JUnitXMLReporter -->
<testsuite ignored="0" hostname="Sammed0007" failures="2" tests="2" name="RegisterModuleTest" time="16.644" errors="0" timestamp="2025-07-19T18:48:17 IST">
  <testcase classname="testcases.RegisterTest" name="registerNewUserTest" time="0.899">
    <failure type="java.lang.IllegalArgumentException" message="Keys to send should be a not null CharSequence">
      <![CDATA[java.lang.IllegalArgumentException: Keys to send should be a not null CharSequence
at org.openqa.selenium.remote.RemoteWebElement.sendKeys(RemoteWebElement.java:96)
at pages.RegisterPage.enterFirstName(RegisterPage.java:33)
at testcases.RegisterTest.registerNewUserTest(RegisterTest.java:29)
at java.base/java.util.ArrayList.forEach(ArrayList.java:1597)
... Removed 25 stack frames]]>
    </failure>
  </testcase> <!-- registerNewUserTest -->
  <testcase classname="testcases.RegisterTest" name="registerNewUserTest" time="1.099">
    <failure type="java.lang.IllegalArgumentException" message="Keys to send should be a not null CharSequence">
      <![CDATA[java.lang.IllegalArgumentException: Keys to send should be a not null CharSequence
at org.openqa.selenium.remote.RemoteWebElement.sendKeys(RemoteWebElement.java:96)
at pages.RegisterPage.enterFirstName(RegisterPage.java:33)
at testcases.RegisterTest.registerNewUserTest(RegisterTest.java:29)
at java.base/java.util.ArrayList.forEach(ArrayList.java:1597)
... Removed 25 stack frames]]>
    </failure>
  </testcase> <!-- registerNewUserTest -->
</testsuite> <!-- RegisterModuleTest -->
